
Nov 23, 2021 10:53:24.260 NEW SESSION
Nov 23, 2021 10:53:24.261 [5364:2976:1123/105324.259:ERROR:database.cc(1799)] Web SQLite error: code 1 errno 0: no such column: creator_unique_id sql: SELECT guid, creator_unique_id, device_model, created_date, creation_source FROM autofill_profile_edge_extended WHERE guid=? LIMIT 1
Nov 23, 2021 10:53:24.261 [5364:2976:1123/105324.259:ERROR:database.cc(1799)] Web SQLite error: code 1 errno 0: no such column: creator_unique_id sql: SELECT guid, creator_unique_id, device_model, created_date, creation_source FROM autofill_profile_edge_extended WHERE guid=? LIMIT 1
Nov 23, 2021 10:53:24.262 [5364:2976:1123/105324.259:ERROR:database.cc(1799)] Web SQLite error: code 1 errno 0: no such column: creator_unique_id sql: SELECT guid, creator_unique_id, device_model, created_date, creation_source FROM autofill_profile_edge_extended WHERE guid=? LIMIT 1
Nov 23, 2021 10:53:24.263 [5364:2976:1123/105324.260:ERROR:database.cc(1799)] Web SQLite error: code 1 errno 0: no such column: creator_unique_id sql: SELECT guid, creator_unique_id, device_model, created_date, creation_source FROM autofill_profile_edge_extended WHERE guid=? LIMIT 1
Nov 23, 2021 10:53:24.263 [5364:2976:1123/105324.261:ERROR:database.cc(1799)] Web SQLite error: code 1 errno 0: no such column: creator_unique_id sql: SELECT guid, creator_unique_id, device_model, created_date, creation_source FROM autofill_profile_edge_extended WHERE guid=? LIMIT 1
Nov 23, 2021 10:53:24.264 [5364:2976:1123/105324.261:ERROR:database.cc(1799)] Web SQLite error: code 1 errno 0: no such column: creator_unique_id sql: SELECT guid, creator_unique_id, device_model, created_date, creation_source FROM autofill_profile_edge_extended WHERE guid=? LIMIT 1
Nov 23, 2021 10:53:24.264 [5364:2976:1123/105324.261:ERROR:database.cc(1799)] Web SQLite error: code 1 errno 0: no such column: creator_unique_id sql: SELECT guid, creator_unique_id, device_model, created_date, creation_source FROM autofill_profile_edge_extended WHERE guid=? LIMIT 1
Nov 23, 2021 10:53:24.264 [5364:2976:1123/105324.262:ERROR:database.cc(1799)] Web SQLite error: code 1 errno 0: no such column: creator_unique_id sql: SELECT guid, creator_unique_id, device_model, created_date, creation_source FROM autofill_profile_edge_extended WHERE guid=? LIMIT 1
Nov 23, 2021 10:53:24.265 [5364:2976:1123/105324.262:ERROR:database.cc(1799)] Web SQLite error: code 1 errno 0: no such column: creator_unique_id sql: SELECT guid, creator_unique_id, device_model, created_date, creation_source FROM autofill_profile_edge_extended WHERE guid=? LIMIT 1
Nov 23, 2021 10:53:24.265 [5364:2976:1123/105324.262:ERROR:database.cc(1799)] Web SQLite error: code 1 errno 0: no such column: creator_unique_id sql: SELECT guid, creator_unique_id, device_model, created_date, creation_source FROM autofill_profile_edge_extended WHERE guid=? LIMIT 1
Nov 23, 2021 10:53:24.266 [5364:2976:1123/105324.262:ERROR:database.cc(1799)] Web SQLite error: code 1 errno 0: no such column: creator_unique_id sql: SELECT guid, creator_unique_id, device_model, created_date, creation_source FROM autofill_profile_edge_extended WHERE guid=? LIMIT 1
Nov 23, 2021 10:53:24.266 [5364:2976:1123/105324.263:ERROR:database.cc(1799)] Web SQLite error: code 1 errno 0: no such column: creator_unique_id sql: SELECT guid, creator_unique_id, device_model, created_date, creation_source FROM autofill_profile_edge_extended WHERE guid=? LIMIT 1
Nov 23, 2021 10:53:24.267 [5364:2976:1123/105324.263:ERROR:database.cc(1799)] Web SQLite error: code 1 errno 0: no such column: creator_unique_id sql: SELECT guid, creator_unique_id, device_model, created_date, creation_source FROM autofill_profile_edge_extended WHERE guid=? LIMIT 1
Nov 23, 2021 10:53:24.267 [5364:2976:1123/105324.263:ERROR:database.cc(1799)] Web SQLite error: code 1 errno 0: no such column: creator_unique_id sql: SELECT guid, creator_unique_id, device_model, created_date, creation_source FROM autofill_profile_edge_extended WHERE guid=? LIMIT 1
Nov 23, 2021 10:53:24.268 [5364:2976:1123/105324.263:ERROR:database.cc(1799)] Web SQLite error: code 1 errno 0: no such column: creator_unique_id sql: SELECT guid, creator_unique_id, device_model, created_date, creation_source FROM autofill_profile_edge_extended WHERE guid=? LIMIT 1
Nov 23, 2021 10:53:24.268 [5364:2976:1123/105324.264:ERROR:database.cc(1799)] Web SQLite error: code 1 errno 0: no such column: creator_unique_id sql: SELECT guid, creator_unique_id, device_model, created_date, creation_source FROM autofill_profile_edge_extended WHERE guid=? LIMIT 1
Nov 23, 2021 10:53:24.269 [5364:2976:1123/105324.264:ERROR:database.cc(1799)] Web SQLite error: code 1 errno 0: no such column: creator_unique_id sql: SELECT guid, creator_unique_id, device_model, created_date, creation_source FROM autofill_profile_edge_extended WHERE guid=? LIMIT 1
Nov 23, 2021 10:53:24.269 [5364:2976:1123/105324.264:ERROR:database.cc(1799)] Web SQLite error: code 1 errno 0: no such column: creator_unique_id sql: SELECT guid, creator_unique_id, device_model, created_date, creation_source FROM autofill_profile_edge_extended WHERE guid=? LIMIT 1
Nov 23, 2021 10:53:24.279 [5364:2976:1123/105324.265:ERROR:database.cc(1799)] Web SQLite error: code 1 errno 0: no such column: creator_unique_id sql: SELECT guid, creator_unique_id, device_model, created_date, creation_source FROM autofill_profile_edge_extended WHERE guid=? LIMIT 1
Nov 23, 2021 10:53:24.280 [5364:2976:1123/105324.265:ERROR:database.cc(1799)] Web SQLite error: code 1 errno 0: no such column: creator_unique_id sql: SELECT guid, creator_unique_id, device_model, created_date, creation_source FROM autofill_profile_edge_extended WHERE guid=? LIMIT 1
Nov 23, 2021 10:53:24.280 [5364:2976:1123/105324.265:ERROR:database.cc(1799)] Web SQLite error: code 1 errno 0: no such column: creator_unique_id sql: SELECT guid, creator_unique_id, device_model, created_date, creation_source FROM autofill_profile_edge_extended WHERE guid=? LIMIT 1
Nov 23, 2021 10:53:24.280 [5364:2976:1123/105324.265:ERROR:database.cc(1799)] Web SQLite error: code 1 errno 0: no such column: creator_unique_id sql: SELECT guid, creator_unique_id, device_model, created_date, creation_source FROM autofill_profile_edge_extended WHERE guid=? LIMIT 1
Nov 23, 2021 10:53:24.280 [5364:2976:1123/105324.266:ERROR:database.cc(1799)] Web SQLite error: code 1 errno 0: no such column: creator_unique_id sql: SELECT guid, creator_unique_id, device_model, created_date, creation_source FROM autofill_profile_edge_extended WHERE guid=? LIMIT 1
Nov 23, 2021 10:53:26.641 [5364:3044:1123/105326.641:ERROR:device_event_log_impl.cc(214)] [10:53:26.642] USB: usb_device_handle_win.cc:1048 Failed to read descriptor from node connection: A device attached to the system is not functioning. (0x1F)
Nov 23, 2021 10:53:26.643 [5364:3044:1123/105326.643:ERROR:device_event_log_impl.cc(214)] [10:53:26.644] USB: usb_device_handle_win.cc:1048 Failed to read descriptor from node connection: A device attached to the system is not functioning. (0x1F)
Nov 23, 2021 10:53:26.650 [5364:11240:1123/105326.650:ERROR:chrome_browser_main_extra_parts_metrics.cc(248)] crbug.com/1216328: Checking default browser status started. Please report if there is no report that this ends.
Nov 23, 2021 10:53:26.651 [5364:11240:1123/105326.651:ERROR:chrome_browser_main_extra_parts_metrics.cc(252)] crbug.com/1216328: Checking default browser status ended.
Nov 23, 2021 10:53:33.103 [5364:3044:1123/105333.103:ERROR:fallback_task_provider.cc(118)] Every renderer should have at least one task provided by a primary task provider. If a fallback task is shown, it is a bug. Please file a new bug and tag it as a dependency of crbug.com/739782.
Nov 23, 2021 10:56:32.109 [5364:3044:1123/105632.109:ERROR:fallback_task_provider.cc(118)] Every renderer should have at least one task provided by a primary task provider. If a fallback task is shown, it is a bug. Please file a new bug and tag it as a dependency of crbug.com/739782.
